20:55:33:221  INFO 43225 --- [main] com.hmall.HMallApplication               : Starting HMallApplication using Java 11.0.27 on aer-XiaoXinPro-14-IMH9 with PID 43225 (/home/aer/hmall/hm-service/target/classes started by aer in /home/aer/hmall)
20:55:33:224 DEBUG 43225 --- [main] com.hmall.HMallApplication               : Running with Spring Boot v2.7.12, Spring v5.3.27
20:55:33:224  INFO 43225 --- [main] com.hmall.HMallApplication               : The following 1 profile is active: "local"
20:55:33:841  INFO 43225 --- [main] .s.d.r.c.RepositoryConfigurationDelegate : Multiple Spring Data modules found, entering strict repository configuration mode
20:55:33:843  INFO 43225 --- [main] .s.d.r.c.RepositoryConfigurationDelegate : Bootstrapping Spring Data Redis repositories in DEFAULT mode.
20:55:33:864  INFO 43225 --- [main] .s.d.r.c.RepositoryConfigurationDelegate : Finished Spring Data repository scanning in 7 ms. Found 0 Redis repository interfaces.
20:55:34:324  INFO 43225 --- [main] o.s.b.w.embedded.tomcat.TomcatWebServer  : Tomcat initialized with port(s): 8080 (http)
20:55:34:333  INFO 43225 --- [main] o.apache.catalina.core.StandardService   : Starting service [Tomcat]
20:55:34:334  INFO 43225 --- [main] org.apache.catalina.core.StandardEngine  : Starting Servlet engine: [Apache Tomcat/9.0.75]
20:55:34:439  INFO 43225 --- [main] o.a.c.c.C.[Tomcat].[localhost].[/]       : Initializing Spring embedded WebApplicationContext
20:55:34:440  INFO 43225 --- [main] w.s.c.ServletWebServerApplicationContext : Root WebApplicationContext: initialization completed in 1184 ms
20:55:35:988  INFO 43225 --- [main] pertySourcedRequestMappingHandlerMapping : Mapped URL path [/v2/api-docs] onto method [springfox.documentation.swagger2.web.Swagger2ControllerWebMvc#getDocumentation(String, HttpServletRequest)]
20:55:36:496  INFO 43225 --- [main] o.s.b.w.embedded.tomcat.TomcatWebServer  : Tomcat started on port(s): 8080 (http) with context path ''
20:55:36:497  INFO 43225 --- [main] d.s.w.p.DocumentationPluginsBootstrapper : Documentation plugins bootstrapped
20:55:36:501  INFO 43225 --- [main] d.s.w.p.DocumentationPluginsBootstrapper : Found 1 custom documentation plugin(s)
20:55:36:559  INFO 43225 --- [main] s.d.s.w.s.ApiListingReferenceScanner     : Scanning for api listing references
20:55:36:876  INFO 43225 --- [main] com.hmall.HMallApplication               : Started HMallApplication in 3.922 seconds (JVM running for 4.352)
21:06:00:100  INFO 44939 --- [main] com.hmall.HMallApplication               : Starting HMallApplication using Java 11.0.27 on aer-XiaoXinPro-14-IMH9 with PID 44939 (/home/aer/hmall/hm-service/target/classes started by aer in /home/aer/hmall)
21:06:00:102 DEBUG 44939 --- [main] com.hmall.HMallApplication               : Running with Spring Boot v2.7.12, Spring v5.3.27
21:06:00:103  INFO 44939 --- [main] com.hmall.HMallApplication               : The following 1 profile is active: "local"
21:06:00:639  INFO 44939 --- [main] .s.d.r.c.RepositoryConfigurationDelegate : Multiple Spring Data modules found, entering strict repository configuration mode
21:06:00:640  INFO 44939 --- [main] .s.d.r.c.RepositoryConfigurationDelegate : Bootstrapping Spring Data Redis repositories in DEFAULT mode.
21:06:00:655  INFO 44939 --- [main] .s.d.r.c.RepositoryConfigurationDelegate : Finished Spring Data repository scanning in 6 ms. Found 0 Redis repository interfaces.
21:06:00:972  INFO 44939 --- [main] o.s.b.w.embedded.tomcat.TomcatWebServer  : Tomcat initialized with port(s): 8080 (http)
21:06:00:980  INFO 44939 --- [main] o.apache.catalina.core.StandardService   : Starting service [Tomcat]
21:06:00:981  INFO 44939 --- [main] org.apache.catalina.core.StandardEngine  : Starting Servlet engine: [Apache Tomcat/9.0.75]
21:06:01:052  INFO 44939 --- [main] o.a.c.c.C.[Tomcat].[localhost].[/]       : Initializing Spring embedded WebApplicationContext
21:06:01:053  INFO 44939 --- [main] w.s.c.ServletWebServerApplicationContext : Root WebApplicationContext: initialization completed in 912 ms
21:06:01:962  INFO 44939 --- [main] pertySourcedRequestMappingHandlerMapping : Mapped URL path [/v2/api-docs] onto method [springfox.documentation.swagger2.web.Swagger2ControllerWebMvc#getDocumentation(String, HttpServletRequest)]
21:06:02:157  INFO 44939 --- [main] o.s.b.w.embedded.tomcat.TomcatWebServer  : Tomcat started on port(s): 8080 (http) with context path ''
21:06:02:158  INFO 44939 --- [main] d.s.w.p.DocumentationPluginsBootstrapper : Documentation plugins bootstrapped
21:06:02:159  INFO 44939 --- [main] d.s.w.p.DocumentationPluginsBootstrapper : Found 1 custom documentation plugin(s)
21:06:02:177  INFO 44939 --- [main] s.d.s.w.s.ApiListingReferenceScanner     : Scanning for api listing references
21:06:02:284  INFO 44939 --- [main] com.hmall.HMallApplication               : Started HMallApplication in 2.474 seconds (JVM running for 2.854)
